[    0.000000] Initializing cgroup subsys cpuset
[    0.000000] Initializing cgroup subsys cpu
[    0.000000] Initializing cgroup subsys cpuacct
[    0.000000] Linux version 4.4.0-198-generic (buildd@lgw01-amd64-051) (gcc version 5.4.0 20160609 (Ubuntu 5.4.0-6ubuntu1~16.04.12) ) #230-Ubuntu SMP Sat Nov 28 01:30:29 UTC 2020 (Ubuntu 4.4.0-198.230-generic 4.4.244)
[    0.000000] Command line: BOOT_IMAGE=/boot/vmlinuz-4.4.0-198-generic root=UUID=aee83544-75ef-43ee-99b4-0a95cf5e1a0f ro console=tty1 console=ttyS0
[    0.000000] KERNEL supported cpus:
[    0.000000]   Intel GenuineIntel
[    0.000000]   AMD AuthenticAMD
[    0.000000]   Centaur CentaurHauls
[    0.000000] x86/fpu: xstate_offset[2]:  576, xstate_sizes[2]:  256
[    0.000000] x86/fpu: Supporting XSAVE feature 0x01: 'x87 floating point registers'
[    0.000000] x86/fpu: Supporting XSAVE feature 0x02: 'SSE registers'
[    0.000000] x86/fpu: Supporting XSAVE feature 0x04: 'AVX registers'
[    0.000000] x86/fpu: Enabled xstate features 0x7, context size is 832 bytes, using 'standard' format.
[    0.000000] e820: BIOS-provided physical RAM map:
[    0.000000] BIOS-e820: [mem 0x0000000000000000-0x000000000009fbff] usable
[    0.000000] BIOS-e820: [mem 0x000000000009fc00-0x000000000009ffff] reserved
[    0.000000] BIOS-e820: [mem 0x00000000000f0000-0x00000000000fffff] reserved
[    0.000000] BIOS-e820: [mem 0x0000000000100000-0x000000003ffeffff] usable
[    0.000000] BIOS-e820: [mem 0x000000003fff0000-0x000000003fffffff] ACPI data
[    0.000000] BIOS-e820: [mem 0x00000000fec00000-0x00000000fec00fff] reserved
[    0.000000] BIOS-e820: [mem 0x00000000fee00000-0x00000000fee00fff] reserved
[    0.000000] BIOS-e820: [mem 0x00000000fffc0000-0x00000000ffffffff] reserved
[    0.000000] NX (Execute Disable) protection: active
[    0.000000] SMBIOS 2.5 present.
[    0.000000] Hypervisor detected: KVM
[    0.000000] Kernel/User page tables isolation: disabled
[    0.000000] e820: last_pfn = 0x3fff0 max_arch_pfn = 0x400000000
[    0.000000] MTRR: Disabled
[    0.000000] x86/PAT: MTRRs disabled, skipping PAT initialization too.
[    0.000000] CPU MTRRs all blank - virtualized system.
[    0.000000] x86/PAT: Configuration [0-7]: WB  WT  UC- UC  WB  WT  UC- UC  
[    0.000000] found SMP MP-table at [mem 0x0009fff0-0x0009ffff] mapped at [ffff88000009fff0]
[    0.000000] Scanning 1 areas for low memory corruption
[    0.000000] RAMDISK: [mem 0x361c8000-0x370dbfff]
[    0.000000] ACPI: Early table checksum verification disabled
[    0.000000] ACPI: RSDP 0x00000000000E0000 000024 (v02 VBOX  )
[    0.000000] ACPI: XSDT 0x000000003FFF0030 00003C (v01 VBOX   VBOXXSDT 00000001 ASL  00000061)
[    0.000000] ACPI: FACP 0x000000003FFF00F0 0000F4 (v04 VBOX   VBOXFACP 00000001 ASL  00000061)
[    0.000000] ACPI: DSDT 0x000000003FFF0470 002325 (v02 VBOX   VBOXBIOS 00000002 INTL 20100528)
[    0.000000] ACPI: FACS 0x000000003FFF0200 000040
[    0.000000] ACPI: FACS 0x000000003FFF0200 000040
[    0.000000] ACPI: APIC 0x000000003FFF0240 00005C (v02 VBOX   VBOXAPIC 00000001 ASL  00000061)
[    0.000000] ACPI: SSDT 0x000000003FFF02A0 0001CC (v01 VBOX   VBOXCPUT 00000002 INTL 20100528)
[    0.000000] No NUMA configuration found
[    0.000000] Faking a node at [mem 0x0000000000000000-0x000000003ffeffff]
[    0.000000] NODE_DATA(0) allocated [mem 0x3ffeb000-0x3ffeffff]
[    0.000000] kvm-clock: Using msrs 4b564d01 and 4b564d00
[    0.000000] kvm-clock: cpu 0, msr 0:3ffe3001, primary cpu clock
[    0.000000] kvm-clock: using sched offset of 3316076536 cycles
[    0.000000] clocksource: kvm-clock: mask: 0xffffffffffffffff max_cycles: 0x1cd42e4dffb, max_idle_ns: 881590591483 ns
[    0.000000] Zone ranges:
[    0.000000]   DMA      [mem 0x0000000000001000-0x0000000000ffffff]
[    0.000000]   DMA32    [mem 0x0000000001000000-0x000000003ffeffff]
[    0.000000]   Normal   empty
[    0.000000]   Device   empty
[    0.000000] Movable zone start for each node
[    0.000000] Early memory node ranges
[    0.000000]   node   0: [mem 0x0000000000001000-0x000000000009efff]
[    0.000000]   node   0: [mem 0x0000000000100000-0x000000003ffeffff]
[    0.000000] Initmem setup node 0 [mem 0x0000000000001000-0x000000003ffeffff]
[    0.000000] ACPI: PM-Timer IO Port: 0x4008
[    0.000000] IOAPIC[0]: apic_id 2, version 32, address 0xfec00000, GSI 0-23
[    0.000000] ACPI: INT_SRC_OVR (bus 0 bus_irq 0 global_irq 2 dfl dfl)
[    0.000000] ACPI: INT_SRC_OVR (bus 0 bus_irq 9 global_irq 9 low level)
[    0.000000] Using ACPI (MADT) for SMP configuration information
[    0.000000] smpboot: Allowing 2 CPUs, 0 hotplug CPUs
[    0.000000] PM: Registered nosave memory: [mem 0x00000000-0x00000fff]
[    0.000000] PM: Registered nosave memory: [mem 0x0009f000-0x0009ffff]
[    0.000000] PM: Registered nosave memory: [mem 0x000a0000-0x000effff]
[    0.000000] PM: Registered nosave memory: [mem 0x000f0000-0x000fffff]
[    0.000000] e820: [mem 0x40000000-0xfebfffff] available for PCI devices
[    0.000000] Booting paravirtualized kernel on KVM
[    0.000000] clocksource: refined-jiffies: mask: 0xffffffff max_cycles: 0xffffffff, max_idle_ns: 7645519600211568 ns
[    0.000000] setup_percpu: NR_CPUS:512 nr_cpumask_bits:512 nr_cpu_ids:2 nr_node_ids:1
[    0.000000] PERCPU: Embedded 33 pages/cpu @ffff88003fc00000 s95640 r8192 d31336 u1048576
[    0.000000] Built 1 zonelists in Node order, mobility grouping on.  Total pages: 257912
[    0.000000] Policy zone: DMA32
[    0.000000] Kernel command line: BOOT_IMAGE=/boot/vmlinuz-4.4.0-198-generic root=UUID=aee83544-75ef-43ee-99b4-0a95cf5e1a0f ro console=tty1 console=ttyS0
[    0.000000] PID hash table entries: 4096 (order: 3, 32768 bytes)
[    0.000000] Memory: 997104K/1048120K available (8641K kernel code, 1337K rwdata, 4044K rodata, 1492K init, 1296K bss, 51016K reserved, 0K cma-reserved)
[    0.000000] SLUB: HWalign=64, Order=0-3, MinObjects=0, CPUs=2, Nodes=1
[    0.000000] Hierarchical RCU implementation.
[    0.000000] 	Build-time adjustment of leaf fanout to 64.
[    0.000000] 	RCU restricting CPUs from NR_CPUS=512 to nr_cpu_ids=2.
[    0.000000] RCU: Adjusting geometry for rcu_fanout_leaf=64, nr_cpu_ids=2
[    0.000000] NR_IRQS:33024 nr_irqs:440 16
[    0.000000] Console: colour VGA+ 80x25
[    0.000000] console [tty1] enabled
[    0.000000] console [ttyS0] enabled
[    0.000000] tsc: Detected 1800.001 MHz processor
[    0.135365] Calibrating delay loop (skipped) preset value.. 3600.00 BogoMIPS (lpj=7200004)
[    0.136837] pid_max: default: 32768 minimum: 301
[    0.137640] ACPI: Core revision 20150930
[    0.139090] ACPI: 2 ACPI AML tables successfully acquired and loaded
[    0.140231] Security Framework initialized
[    0.140985] Yama: becoming mindful.
[    0.141715] AppArmor: AppArmor initialized
[    0.142506] Dentry cache hash table entries: 131072 (order: 8, 1048576 bytes)
[    0.143768] Inode-cache hash table entries: 65536 (order: 7, 524288 bytes)
[    0.147579] Mount-cache hash table entries: 2048 (order: 2, 16384 bytes)
[    0.148619] Mountpoint-cache hash table entries: 2048 (order: 2, 16384 bytes)
[    0.149953] Initializing cgroup subsys io
[    0.150875] Initializing cgroup subsys memory
[    0.151770] Initializing cgroup subsys devices
[    0.152669] Initializing cgroup subsys freezer
[    0.153688] Initializing cgroup subsys net_cls
[    0.154785] Initializing cgroup subsys perf_event
[    0.155677] Initializing cgroup subsys net_prio
[    0.156859] Initializing cgroup subsys hugetlb
[    0.157979] Initializing cgroup subsys pids
[    0.168782] mce: CPU supports 0 MCE banks
[    0.169613] Last level iTLB entries: 4KB 64, 2MB 8, 4MB 8
[    0.170798] Last level dTLB entries: 4KB 64, 2MB 0, 4MB 0, 1GB 4
[    0.172088] Spectre V1 : Mitigation: usercopy/swapgs barriers and __user pointer sanitization
[    0.173796] Spectre V2 : Mitigation: Full generic retpoline
[    0.175064] Spectre V2 : Spectre v2 / SpectreRSB mitigation: Filling RSB on context switch
[    0.176662] Speculative Store Bypass: Vulnerable
[    0.177472] SRBDS: Mitigation: TSX disabled
[    0.180779] Freeing SMP alternatives memory: 36K
[    0.187676] ftrace: allocating 32360 entries in 127 pages
[    0.244106] smpboot: APIC(0) Converting physical 0 to logical package 0
[    0.245413] smpboot: Max logical packages: 1
[    0.246599] x2apic enabled
[    0.247507] Switched APIC routing to physical x2apic.
[    0.249601] ..TIMER: vector=0x30 apic1=0 pin1=2 apic2=-1 pin2=-1
[    0.359947] smpboot: CPU0: Intel(R) Core(TM) i5-8265U CPU @ 1.60GHz (family: 0x6, model: 0x8e, stepping: 0xc)
[    0.362550] Performance Events: unsupported p6 CPU model 142 no PMU driver, software events only.
[    0.373428] KVM setup paravirtual spinlock
[    0.375116] x86: Booting SMP configuration:
[    0.375995] .... node  #0, CPUs:      #1
[    0.377116] kvm-clock: cpu 1, msr 0:3ffe3041, secondary cpu clock
[    0.387527] mce: CPU supports 0 MCE banks
[    0.390078] x86: Booted up 1 node, 2 CPUs
[    0.391218] smpboot: Total of 2 processors activated (7200.00 BogoMIPS)
[    0.392982] devtmpfs: initialized
[    0.395750] evm: security.selinux
[    0.396576] evm: security.SMACK64
[    0.397349] evm: security.SMACK64EXEC
[    0.398112] evm: security.SMACK64TRANSMUTE
[    0.399022] evm: security.SMACK64MMAP
[    0.399726] evm: security.ima
[    0.400390] evm: security.capability
[    0.401443] clocksource: jiffies: mask: 0xffffffff max_cycles: 0xffffffff, max_idle_ns: 7645041785100000 ns
[    0.403630] futex hash table entries: 512 (order: 3, 32768 bytes)
[    0.404782] pinctrl core: initialized pinctrl subsystem
[    0.405731] RTC time:  1:15:34, date: 05/22/21
[    0.409751] NET: Registered protocol family 16
[    0.420889] cpuidle: using governor ladder
[    0.433626] cpuidle: using governor menu
[    0.434648] PCCT header not found.
[    0.435512] ACPI: bus type PCI registered
[    0.436453] acpiphp: ACPI Hot Plug PCI Controller Driver version: 0.5
[    0.437821] PCI: Using configuration type 1 for base access
[    0.450097] ACPI: Added _OSI(Module Device)
[    0.451189] ACPI: Added _OSI(Processor Device)
[    0.452054] ACPI: Added _OSI(3.0 _SCP Extensions)
[    0.453192] ACPI: Added _OSI(Processor Aggregator Device)
[    0.455014] ACPI: Executed 1 blocks of module-level executable AML code
[    0.458195] ACPI: Interpreter enabled
[    0.459073] ACPI: (supports S0 S5)
[    0.459952] ACPI: Using IOAPIC for interrupt routing
[    0.461158] PCI: Using host bridge windows from ACPI; if necessary, use "pci=nocrs" and report a bug
[    0.466419] ACPI: PCI Root Bridge [PCI0] (domain 0000 [bus 00-ff])
[    0.467827] acpi PNP0A03:00: _OSC: OS supports [ASPM ClockPM Segments MSI]
[    0.469474] acpi PNP0A03:00: _OSC: not requesting OS control; OS requires [ExtendedConfig ASPM ClockPM MSI]
[    0.471089] acpi PNP0A03:00: fail to add MMCONFIG information, can't access extended PCI configuration space under this bridge.
[    0.473302] PCI host bridge to bus 0000:00
[    0.474007] pci_bus 0000:00: root bus resource [io  0x0000-0x0cf7 window]
[    0.475162] pci_bus 0000:00: root bus resource [io  0x0d00-0xffff window]
[    0.476239] pci_bus 0000:00: root bus resource [mem 0x000a0000-0x000bffff window]
[    0.477563] pci_bus 0000:00: root bus resource [mem 0x40000000-0xfdffffff window]
[    0.478901] pci_bus 0000:00: root bus resource [bus 00-ff]
[    0.481378] pci 0000:00:01.1: legacy IDE quirk: reg 0x10: [io  0x01f0-0x01f7]
[    0.482484] pci 0000:00:01.1: legacy IDE quirk: reg 0x14: [io  0x03f6]
[    0.483521] pci 0000:00:01.1: legacy IDE quirk: reg 0x18: [io  0x0170-0x0177]
[    0.484644] pci 0000:00:01.1: legacy IDE quirk: reg 0x1c: [io  0x0376]
[    0.505189] pci 0000:00:07.0: quirk: [io  0x4000-0x403f] claimed by PIIX4 ACPI
[    0.506999] pci 0000:00:07.0: quirk: [io  0x4100-0x410f] claimed by PIIX4 SMB
[    0.512873] ACPI: PCI Interrupt Link [LNKA] (IRQs 5 9 10 *11)
[    0.514796] ACPI: PCI Interrupt Link [LNKB] (IRQs 5 9 *10 11)
[    0.516842] ACPI: PCI Interrupt Link [LNKC] (IRQs 5 *9 10 11)
[    0.518368] ACPI: PCI Interrupt Link [LNKD] (IRQs 5 9 10 *11)
[    0.519743] ACPI: Enabled 2 GPEs in block 00 to 07
[    0.521012] vgaarb: setting as boot device: PCI:0000:00:02.0
[    0.521902] vgaarb: device added: PCI:0000:00:02.0,decodes=io+mem,owns=io+mem,locks=none
[    0.523318] vgaarb: loaded
[    0.523863] vgaarb: bridge control possible 0000:00:02.0
[    0.524996] SCSI subsystem initialized
[    0.525812] ACPI: bus type USB registered
[    0.526609] usbcore: registered new interface driver usbfs
[    0.527536] usbcore: registered new interface driver hub
[    0.528446] usbcore: registered new device driver usb
[    0.529582] PCI: Using ACPI for IRQ routing
[    0.530636] NetLabel: Initializing
[    0.531316] NetLabel:  domain hash size = 128
[    0.532157] NetLabel:  protocols = UNLABELED CIPSOv4
[    0.533043] NetLabel:  unlabeled traffic allowed by default
[    0.534116] amd_nb: Cannot enumerate AMD northbridges
[    0.535054] clocksource: Switched to clocksource kvm-clock
[    0.546245] AppArmor: AppArmor Filesystem Enabled
[    0.547475] pnp: PnP ACPI init
[    0.548867] pnp: PnP ACPI: found 3 devices
[    0.558270] clocksource: acpi_pm: mask: 0xffffff max_cycles: 0xffffff, max_idle_ns: 2085701024 ns
[    0.560210] NET: Registered protocol family 2
[    0.561363] TCP established hash table entries: 8192 (order: 4, 65536 bytes)
[    0.562728] TCP bind hash table entries: 8192 (order: 5, 131072 bytes)
[    0.564089] TCP: Hash tables configured (established 8192 bind 8192)
[    0.565298] UDP hash table entries: 512 (order: 2, 16384 bytes)
[    0.566472] UDP-Lite hash table entries: 512 (order: 2, 16384 bytes)
[    0.570544] NET: Registered protocol family 1
[    0.571874] pci 0000:00:00.0: Limiting direct PCI/PCI transfers
[    0.573118] pci 0000:00:01.0: Activating ISA DMA hang workarounds
[    0.574532] Unpacking initramfs...
[    0.827761] Freeing initrd memory: 15440K
[    0.828869] clocksource: tsc: mask: 0xffffffffffffffff max_cycles: 0x19f22aa45f0, max_idle_ns: 440795269146 ns
[    0.830844] platform rtc_cmos: registered platform RTC device (no PNP device found)
[    0.832524] Scanning for low memory corruption every 60 seconds
[    0.834018] audit: initializing netlink subsys (disabled)
[    0.835087] audit: type=2000 audit(1621646139.762:1): initialized
[    0.836542] Initialise system trusted keyring
[    0.837722] HugeTLB registered 2 MB page size, pre-allocated 0 pages
[    0.839892] zbud: loaded
[    0.840765] VFS: Disk quotas dquot_6.6.0
[    0.841658] VFS: Dquot-cache hash table entries: 512 (order 0, 4096 bytes)
[    0.843167] squashfs: version 4.0 (2009/01/31) Phillip Lougher
[    0.844460] fuse init (API version 7.23)
[    0.845463] Key type big_key registered
[    0.846363] Allocating IMA MOK and blacklist keyrings.
[    0.847881] Key type asymmetric registered
[    0.848612] Asymmetric key parser 'x509' registered
[    0.849496] Block layer SCSI generic (bsg) driver version 0.4 loaded (major 249)
[    0.850854] io scheduler noop registered
[    0.851618] io scheduler deadline registered (default)
[    0.852498] io scheduler cfq registered
[    0.853267] pci_hotplug: PCI Hot Plug PCI Core version: 0.5
[    0.854216] pciehp: PCI Express Hot Plug Controller Driver version: 0.4
[    0.855372] ACPI: AC Adapter [AC] (on-line)
[    0.856155] input: Power Button as /devices/LNXSYSTM:00/LNXPWRBN:00/input/input0
[    0.857492] ACPI: Power Button [PWRF]
[    0.858223] input: Sleep Button as /devices/LNXSYSTM:00/LNXSLPBN:00/input/input1
[    0.859562] ACPI: Sleep Button [SLPF]
[    0.860973] ACPI: Battery Slot [BAT0] (battery present)
[    0.861868] GHES: HEST is not enabled!
[    0.862638] Serial: 8250/16550 driver, 32 ports, IRQ sharing enabled
[    0.884255] 00:02: ttyS0 at I/O 0x3f8 (irq = 4, base_baud = 115200) is a 16550A
[    0.888403] Linux agpgart interface v0.103
[    0.890722] loop: module loaded
[    0.892544] scsi host0: ata_piix
[    0.893454] scsi host1: ata_piix
[    0.894221] ata1: PATA max UDMA/33 cmd 0x1f0 ctl 0x3f6 bmdma 0xd000 irq 14
[    0.895682] ata2: PATA max UDMA/33 cmd 0x170 ctl 0x376 bmdma 0xd008 irq 15
[    0.897195] libphy: Fixed MDIO Bus: probed
[    0.898433] tun: Universal TUN/TAP device driver, 1.6
[    0.899623] tun: (C) 1999-2004 Max Krasnyansky <maxk@qualcomm.com>
[    0.900722] PPP generic driver version 2.4.2
[    0.901650] ehci_hcd: USB 2.0 'Enhanced' Host Controller (EHCI) Driver
[    0.902695] ehci-pci: EHCI PCI platform driver
[    0.903522] ehci-platform: EHCI generic platform driver
[    0.904425] ohci_hcd: USB 1.1 'Open' Host Controller (OHCI) Driver
[    0.905442] ohci-pci: OHCI PCI platform driver
[    0.906205] ohci-platform: OHCI generic platform driver
[    0.907094] uhci_hcd: USB Universal Host Controller Interface driver
[    0.908245] i8042: PNP: PS/2 Controller [PNP0303:PS2K,PNP0f03:PS2M] at 0x60,0x64 irq 1,12
[    0.910151] serio: i8042 KBD port at 0x60,0x64 irq 1
[    0.911012] serio: i8042 AUX port at 0x60,0x64 irq 12
[    0.912272] mousedev: PS/2 mouse device common for all mice
[    0.913576] input: AT Translated Set 2 keyboard as /devices/platform/i8042/serio0/input/input2
[    0.915570] rtc_cmos rtc_cmos: rtc core: registered rtc_cmos as rtc0
[    0.916663] rtc_cmos rtc_cmos: alarms up to one day, 114 bytes nvram
[    0.917652] i2c /dev entries driver
[    0.918376] device-mapper: uevent: version 1.0.3
[    0.919262] device-mapper: ioctl: 4.34.0-ioctl (2015-10-28) initialised: dm-devel@redhat.com
[    0.920706] ledtrig-cpu: registered to indicate activity on CPUs
[    0.922047] NET: Registered protocol family 10
[    0.923029] NET: Registered protocol family 17
[    0.923870] Key type dns_resolver registered
[    0.925207] registered taskstats version 1
[    0.925928] Loading compiled-in X.509 certificates
[    0.927247] Loaded X.509 cert 'Build time autogenerated kernel key: 5a978b27f48525e60943fea4f7c8132006960a9d'
[    0.928882] zswap: loaded using pool lzo/zbud
[    0.931155] Key type trusted registered
[    0.934225] Key type encrypted registered
[    0.934981] AppArmor: AppArmor sha1 policy hashing enabled
[    0.936383] ima: No TPM chip found, activating TPM-bypass!
[    0.937327] ima: Allocated hash algorithm: sha1
[    0.938103] evm: HMAC attrs: 0x1
[    0.939046]   Magic number: 5:469:256
[    0.939909] rtc_cmos rtc_cmos: setting system clock to 2021-05-22 01:15:35 UTC (1621646135)
[    0.941490] BIOS EDD facility v0.16 2004-Jun-25, 0 devices found
[    0.942484] EDD information not available.
[    1.074971] Freeing unused kernel memory: 1492K
[    1.076045] Write protecting the kernel read-only data: 14336k
[    1.077839] Freeing unused kernel memory: 1588K
[    1.079171] Freeing unused kernel memory: 52K
Loading, please wait...
starting version 229
[    1.091815] random: systemd-udevd: uninitialized urandom read (16 bytes read, 3 bits of entropy available)
[    1.092269] random: udevadm: uninitialized urandom read (16 bytes read, 3 bits of entropy available)
[    1.092289] random: udevadm: uninitialized urandom read (16 bytes read, 3 bits of entropy available)
[    1.097548] random: systemd-udevd: uninitialized urandom read (16 bytes read, 3 bits of entropy available)
[    1.098075] random: udevadm: uninitialized urandom read (16 bytes read, 3 bits of entropy available)
[    1.098112] random: udevadm: uninitialized urandom read (16 bytes read, 3 bits of entropy available)
[    1.098242] random: udevadm: uninitialized urandom read (16 bytes read, 3 bits of entropy available)
[    1.098281] random: udevadm: uninitialized urandom read (16 bytes read, 3 bits of entropy available)
[    1.098319] random: udevadm: uninitialized urandom read (16 bytes read, 3 bits of entropy available)
[    1.098395] random: udevadm: uninitialized urandom read (16 bytes read, 3 bits of entropy available)
[    1.136146] e1000: Intel(R) PRO/1000 Network Driver - version 7.3.21-k8-NAPI
[    1.137467] e1000: Copyright (c) 1999-2006 Intel Corporation.
[    1.138711] Fusion MPT base driver 3.04.20
[    1.139961] Copyright (c) 1999-2008 LSI Corporation
[    1.144038] Fusion MPT SPI Host driver 3.04.20
[    1.157704] AVX2 version of gcm_enc/dec engaged.
[    1.158655] AES CTR mode by8 optimization enabled
[    1.352380] input: ImExPS/2 Generic Explorer Mouse as /devices/platform/i8042/serio1/input/input4
[    1.503366] e1000 0000:00:03.0 eth0: (PCI:33MHz:32-bit) 02:e0:65:d0:24:0e
[    1.504676] e1000 0000:00:03.0 eth0: Intel(R) PRO/1000 Network Connection
[    1.507299] e1000 0000:00:03.0 enp0s3: renamed from eth0
[    1.508514] mptbase: ioc0: Initiating bringup
[    1.842655] ioc0: LSI53C1030 A0: Capabilities={Initiator}
[    4.005205] scsi host2: ioc0: LSI53C1030 A0, FwRev=00000000h, Ports=1, MaxQ=256, IRQ=20
[    5.684613] scsi 2:0:0:0: Direct-Access     VBOX     HARDDISK         1.0  PQ: 0 ANSI: 5
[    5.693121] scsi target2:0:0: Beginning Domain Validation
[    5.701966] scsi target2:0:0: Domain Validation skipping write tests
[    5.704111] scsi target2:0:0: Ending Domain Validation
[    5.704988] scsi target2:0:0: asynchronous
[    5.706069] scsi 2:0:1:0: Direct-Access     VBOX     HARDDISK         1.0  PQ: 0 ANSI: 5
[    5.707553] scsi target2:0:1: Beginning Domain Validation
[    5.709100] scsi target2:0:1: Domain Validation skipping write tests
[    5.710129] scsi target2:0:1: Ending Domain Validation
[    5.710994] scsi target2:0:1: asynchronous
[    5.727139] sd 2:0:0:0: Attached scsi generic sg0 type 0
[    5.728272] sd 2:0:0:0: [sda] 20971520 512-byte logical blocks: (10.7 GB/10.0 GiB)
[    5.730071] sd 2:0:1:0: [sdb] 20480 512-byte logical blocks: (10.5 MB/10.0 MiB)
[    5.730253] sd 2:0:1:0: Attached scsi generic sg1 type 0
[    5.730461] sd 2:0:0:0: [sda] Write Protect is off
[    5.730587] sd 2:0:0:0: [sda] Incomplete mode parameter data
[    5.730588] sd 2:0:0:0: [sda] Assuming drive cache: write through
[    5.735761] sd 2:0:1:0: [sdb] Write Protect is off
[    5.736899] sd 2:0:1:0: [sdb] Incomplete mode parameter data
[    5.737814] sd 2:0:1:0: [sdb] Assuming drive cache: write through
[    5.738761]  sda: sda1
[    5.739423] sd 2:0:0:0: [sda] Attached SCSI disk
[    5.744232] sd 2:0:1:0: [sdb] Attached SCSI disk
Begin: Loading essential drivers ... [    7.045023] md: linear personality registered for level -1
[    7.048403] md: multipath personality registered for level -4
[    7.051602] md: raid0 personality registered for level 0
[    7.055452] md: raid1 personality registered for level 1
[    7.127187] raid6: sse2x1   gen() 11011 MB/s
[    7.195206] raid6: sse2x1   xor()  7499 MB/s
[    7.263162] raid6: sse2x2   gen() 14722 MB/s
[    7.331183] raid6: sse2x2   xor()  9968 MB/s
[    7.399170] raid6: sse2x4   gen() 16572 MB/s
[    7.467123] raid6: sse2x4   xor()  9685 MB/s
[    7.535207] raid6: avx2x1   gen() 21816 MB/s
[    7.603301] raid6: avx2x2   gen() 27405 MB/s
[    7.671137] raid6: avx2x4   gen() 30153 MB/s
[    7.671981] raid6: using algorithm avx2x4 gen() 30153 MB/s
[    7.673163] raid6: using avx2x2 recovery algorithm
[    7.675393] xor: automatically using best checksumming function:
[    7.715145]    avx       : 23962.000 MB/sec
[    7.717278] async_tx: api initialized (async)
[    7.726244] md: raid6 personality registered for level 6
[    7.727354] md: raid5 personality registered for level 5
[    7.728500] md: raid4 personality registered for level 4
[    7.734530] md: raid10 personality registered for level 10
done.
Begin: Running /scripts/init-premount ... done.
Begin: Mounting root file system ... Begin: Running /scripts/local-top ... done.
Begin: Running /scripts/local-premount ... [    7.761586] Btrfs loaded
Scanning for Btrfs filesystems
done.
Warning: fsck not present, so skipping root file system
[    7.801347] EXT4-fs (sda1): mounted filesystem with ordered data mode. Opts: (null)
done.
Begin: Running /scripts/local-bottom ... done.
Begin: Running /scripts/init-bottom ... done.
[    7.898892] systemd[1]: systemd 229 running in system mode. (+PAM +AUDIT +SELINUX +IMA +APPARMOR +SMACK +SYSVINIT +UTMP +LIBCRYPTSETUP +GCRYPT +GNUTLS +ACL +XZ -LZ4 +SECCOMP +BLKID +ELFUTILS +KMOD -IDN)
[    7.902431] systemd[1]: Detected virtualization oracle.
[    7.903298] systemd[1]: Detected architecture x86-64.

Welcome to [1mUbuntu 16.04.7 LTS[0m!

[    7.907374] systemd[1]: Set hostname to <ubuntu-xenial>.
[    8.017252] systemd[1]: Listening on Journal Socket (/dev/log).
[[0;32m  OK  [0m] Listening on Journal Socket (/dev/log).
[    8.019393] systemd[1]: Created slice System Slice.
[[0;32m  OK  [0m] Created slice System Slice.
[    8.021021] systemd[1]: Started Forward Password Requests to Wall Directory Watch.
[[0;32m  OK  [0m] Started Forward Password Requests to Wall Directory Watch.
[    8.023464] systemd[1]: Reached target Encrypted Volumes.
[[0;32m  OK  [0m] Reached target Encrypted Volumes.
[    8.025277] systemd[1]: Created slice system-serial\x2dgetty.slice.
[[0;32m  OK  [0m] Created slice system-serial\x2dgetty.slice.
[    8.027242] systemd[1]: Reached target Swap.
[[0;32m  OK  [0m] Reached target Swap.
[    8.028803] systemd[1]: Set up automount Arbitrary Executable File Formats File System Automount Point.
[[0;32m  OK  [0m] Set up automount Arbitrary Executab...ats File System Automount Point.
[    8.031673] systemd[1]: Listening on Journal Audit Socket.
[[0;32m  OK  [0m] Listening on Journal Audit Socket.
[    8.033377] systemd[1]: Listening on LVM2 metadata daemon socket.
[[0;32m  OK  [0m] Listening on LVM2 metadata daemon socket.
[    8.035298] systemd[1]: Started Trigger resolvconf update for networkd DNS.
[[0;32m  OK  [0m] Started Trigger resolvconf update for networkd DNS.
[    8.037312] systemd[1]: Listening on Journal Socket.
[[0;32m  OK  [0m] Listening on Journal Socket.
[    8.055971] systemd[1]: Mounting Debug File System...
         Mounting Debug File System...
[    8.059130] systemd[1]: Mounting POSIX Message Queue File System...
         Mounting POSIX Message Queue File System...
[    8.061722] systemd[1]: Mounting Huge Pages File System...
         Mounting Huge Pages File System...
[    8.064528] systemd[1]: Starting Remount Root and Kernel File Systems...
         Starting Remount Root and Kernel File Systems...
[    8.068080] EXT4-fs (sda1): re-mounted. Opts: (null)
[    8.068190] systemd[1]: Starting Load Kernel Modules...
         Starting Load Kernel Modules...
[    8.070511] systemd[1]: Reached target User and Group Name Lookups.
[[0;32m  OK  [0m] Reached target User and Group Name Lookups.
[    8.072591] systemd[1]: Reached target System Time Synchronized.
[[0;32m  OK  [0m] Reached target System Time Synchronized.
[    8.075005] systemd[1]: Starting Nameserver information manager...
         Starting Nameserver information manager...
[    8.076878] systemd[1]: Listening on LVM2 poll daemon socket.
[[0;32m  OK  [0m] Listening on LVM2 poll daemon socket.
[    8.078617] Loading iSCSI transport class v2.0-870.
[    8.079663] systemd[1]: Starting Set console keymap...
         Starting Set console keymap...
[    8.081795] systemd[1]: Listening on udev Control Socket.
[[0;32m  OK  [0m] Listening on udev Control Socket.
[    8.083665] systemd[1]: Listening on Device-mapper event daemon FIFOs.
[[0;32m  OK  [0m] Listening on Device-mapper event daemon FIFOs.
[    8.086187] systemd[1]: Starting Monitoring of LVM2 mirrors, snapshots etc. using dmeventd or progress polling...
         Starting Monitoring of LVM2 mirrors... dmeventd or progress polling...
[    8.092949] systemd[1]: Listening on Syslog Socket.
[[0;32m  OK  [0[    8.094239] iscsi: registered transport (tcp)
m] Listening on Syslog Socket.
[    8.096078] systemd[1]: Starting Journal Service...
         Starting Journal Service...
[    8.097620] systemd[1]: Listening on /dev/initctl Compatibility Named Pipe.
[[0;32m  OK  [0m] Listening on /dev/initctl Compatibility Named Pipe.
[    8.100560] systemd[1]: Listening on udev Kernel Socket.
[[0;32m  OK  [0m] Listening on udev Kernel Socket.
[    8.105810] systemd[1]: Starting Uncomplicated firewall...
         Starting Uncomplicated firewall...
[    8.108668] systemd[1]: Starting Create list of required static device nodes for the current kernel...
         Starting Create list of required st... nodes for the current kernel...
[    8.112411] systemd[1]: Created slice User and Session Slice.
[[0;32m  OK  [0m] Created slice User and Session Slice.
[    8.117854] systemd[1]: Reached target Slices.
[[0;32m  OK  [0m] Reached target Slices.
[    8.121326] systemd[1]: Mounted Huge Pages File System.
[[0;32m  OK  [0m] Mounted Huge Pages File System.
[    8.122894] systemd[1]: Mounted Debug File System.
[[0;32m  OK  [0m] Mounted Debug File System.
[    8.124390] systemd[1]: Mounted POSIX Message Queue File System.
[[0;32m  OK  [0m] Mounted POSIX Message Queue File System.
[    8.126548] systemd[1]: Started Remount Root and Kernel File Systems.
[[0;32m  OK  [0m] Started Remount Root and Kernel File Systems.
[    8.130495] systemd[1]: Started Uncomplicated firewall.
[[0;32m  OK  [0m] Started Uncomplicated firewall.
[    8.132484] systemd[1]: Started Create list of required static device nodes for the current kernel.
[[0;32m  OK  [0m] Started Create list of required sta...ce nodes for the current kernel.
[    8.135310] systemd[1]: Started Nameserver information manager.
[[0;32m  OK  [0m] Started Nameserver information manager.
[    8.137827] systemd[1]: Started Journal Service.
[[0;32m  OK  [0m] Started Journal Service.
[[0;32m  OK  [0m] Started LVM2 metadata daemon.
         Starting Create Static Device Nodes in /dev...
         Starting Flush Journal to Persistent Storage...
         Starting Load/Save Random Seed...
         Starting udev Coldplug all Devices...
[[0;32m  OK  [0m] Started Load/Save Random Seed.
[[0;32m  OK  [0m] Started Set console keymap.
[    8.178546] iscsi: registered transport (iser)
[[0;32m  OK  [0m] Started Create Static Device Nodes in /dev.
         Starting udev Kernel Device Manager...
[    8.185433] systemd-journald[397]: Received request to flush runtime journal from PID 1
[[0;32m  OK  [0m] Started Flush Journal to Persistent Storage.
[[0;32m  OK  [0m] Started Load Kernel Modules.
         Mounting FUSE Control File System...
         Starting Apply Kernel Variables...
[[0;32m  OK  [0m] Mounted FUSE Control File System.
[[0;32m  OK  [0m] Started Apply Kernel Variables.
[[0;32m  OK  [0m] Started udev Kernel Device Manager.
[[0;32m  OK  [0m] Started udev Coldplug all Devices.
[[0;32m  OK  [0m] Started Dispatch Password Requests to Console Directory Watch.
[[0;32m  OK  [0m] Found device /dev/ttyS0.
[[0;32m  OK  [0m] Listening on Load/Save RF Kill Switch Status /dev/rfkill Watch.
[[0;32m  OK  [0m] Found device 82540EM Gigabit Ethern...r (PRO/1000 MT Desktop Adapter).
[[0;32m  OK  [0m] Started Monitoring of LVM2 mirrors,...ng dmeventd or progress polling.
[[0;32m  OK  [0m] Reached target Local File Systems (Pre).
[[0;32m  OK  [0m] Reached target Local File Systems.
         Starting Create Volatile Files and Directories...
         Starting Set console font and keymap...
         Starting Tell Plymouth To Write Out Runtime Data...
         Starting LSB: AppArmor initialization...
         Starting Initial cloud-init job (pre-networking)...
         Mounting /vagrant...
[[0;32m  OK  [0m] Started Create Volatile Files and Directories.
[[0;32m  OK  [0m] Started Tell Plymouth To Write Out Runtime Data.
[[0;1;31mFAILED[0m] Failed to mount /vagrant.
See 'systemctl status vagrant.mount' for details.
         Starting Update UTMP about System Boot/Shutdown...
[[0;32m  OK  [0m] Started Update UTMP about System Boot/Shutdown.
[[0;32m  OK  [0m] Started LSB: AppArmor initialization.
         Starting Load AppArmor profiles managed internally by snapd...
[[0;32m  OK  [0m] Started Load AppArmor profiles managed internally by snapd.
[[0;32m  OK  [0m] Started Set console font and keymap.
[[0;32m  OK  [0m] Created slice system-getty.slice.
[    9.430720] cloud-init[624]: Cloud-init v. 20.3-2-g371b392c-0ubuntu1~16.04.1 running 'init-local' at Sat, 22 May 2021 01:15:43 +0000. Up 9.20 seconds.
[[0;32m  OK  [0m] Started Initial cloud-init job (pre-networking).
[[0;32m  OK  [0m] Reached target Network (Pre).
         Starting Raise network interfaces...
[[0;32m  OK  [0m] Started ifup for enp0s3.
[[0;32m  OK  [0m] Started Raise network interfaces.
         Starting Initial cloud-init job (metadata service crawler)...
[[0;32m  OK  [0m] Reached target Network.
[   10.067038] cloud-init[978]: Cloud-init v. 20.3-2-g371b392c-0ubuntu1~16.04.1 running 'init' at Sat, 22 May 2021 01:15:44 +0000. Up 9.83 seconds.
[   10.068651] cloud-init[978]: ci-info: ++++++++++++++++++++++++++++++++++++++Net device info++++++++++++++++++++++++++++++++++++++
[   10.069996] cloud-init[978]: ci-info: +--------+------+----------------------------+---------------+--------+-------------------+
[   10.071514] cloud-init[978]: ci-info: | Device |  Up  |          Address           |      Mask     | Scope  |     Hw-Address    |
[   10.072927] cloud-init[978]: ci-info: +--------+------+----------------------------+---------------+--------+-------------------+
[   10.074479] cloud-init[978]: ci-info: | enp0s3 | True |         10.0.2.15          | 255.255.255.0 | global | 02:e0:65:d0:24:0e |
[   10.076023] cloud-init[978]: ci-info: | enp0s3 | True | fe80::e0:65ff:fed0:240e/64 |       .       |  link  | 02:e0:65:d0:24:0e |
[   10.077632] cloud-init[978]: ci-info: |   lo   | True |         127.0.0.1          |   255.0.0.0   |  host  |         .         |
[   10.079020] cloud-init[978]: ci-info: |   lo   | True |          ::1/128           |       .       |  host  |         .         |
[   10.080498] cloud-init[978]: ci-info: +--------+------+----------------------------+---------------+--------+-------------------+
[   10.082070] cloud-init[978]: ci-info: +++++++++++++++++++++++++++Route IPv4 info++++++++++++++++++++++++++++
[   10.083408] cloud-init[978]: ci-info: +-------+-------------+----------+---------------+-----------+-------+
[   10.084815] cloud-init[978]: ci-info: | Route | Destination | Gateway  |    Genmask    | Interface | Flags |
[   10.086164] cloud-init[978]: ci-info: +-------+-------------+----------+---------------+-----------+-------+
[   10.087388] cloud-init[978]: ci-info: |   0   |   0.0.0.0   | 10.0.2.2 |    0.0.0.0    |   enp0s3  |   UG  |
[   10.089033] cloud-init[978]: ci-info: |   1   |   10.0.2.0  | 0.0.0.0  | 255.255.255.0 |   enp0s3  |   U   |
[   10.090601] cloud-init[978]: ci-info: +-------+-------------+----------+---------------+-----------+-------+
[   10.096476] cloud-init[978]: ci-info: +++++++++++++++++++Route IPv6 info+++++++++++++++++++
[   10.104401] [[0;32m  OK  [0m] Started Initial cloud-init job (metadata service crawler).
[[0;32m  OK  [0m] Reached target Network is Online.
cloud-init[978]: ci-info: +-------+-------------+---------+-----------+-------+
[   10.112829] cloud-init[978]: ci-info: | Route | Destination | Gateway | Interface | Flags |
[   10.116821]          Starting iSCSI initiator daemon (iscsid)...
[[0;32m  OK  [0m] Reached target System Initialization.
cloud-init[978]: ci-info: +-------+-------------+---------+-----------+-------+
         Starting LXD - unix socket.
[[0;32m  OK  [0m] Listening on D-Bus System Message Bus Socket.
[[0;32m  OK  [0m] Listening on UUID daemon activation socket.
[[0;32m  OK  [0m] Started ACPI Events Check.
[[0;32m  OK  [0m] Reached target Paths.
[   10.124334] [[0;32m  OK  [0m] Started Message of the Day.
         Starting Socket activation for snappy daemon.
[[0;32m  OK  [0m] Started Daily apt download activities.
cloud-init[978]: ci-info: |   0   |  fe80::/64  |    ::   |   enp0s3  |   U   |[[0;32m  OK  [0m] Started Daily apt upgrade and clean activities.
[[0;32m  OK  [0m] Started Daily Cleanup of Temporary Directories.
[[0;32m  OK  [0m] Reached target Timers.
[[0;32m  OK  [0m] Listening on ACPID Listen Socket.
[[0;32m  OK  [0m] Reached target Cloud-config availability.
[[0;32m  OK  [0m] Listening on LXD - unix socket.
[[0;32m  OK  [0m] Listening on Socket activation for snappy daemon.

[[0;32m  OK  [0m] Reached target Sockets.
[[0;32m  OK  [0m] Reached target Basic System.
[[0;32m  OK  [0m] Started FUSE filesystem for LXC.
[[0;32m  OK  [0m] Started Deferred execution scheduler.
         Starting /etc/rc.local Compatibility...
[   10.136436] cloud-init[978]: ci-info: |   3   |   ff00::/8  |    ::   |   enp0s3  |   U   |
[   10.140231]          Starting LXD - container startup/shutdown...
cloud-init[978]: ci-info: +-------+-------------+---------+-----------+-------+
[[0;32m  OK  [0m] Started D-Bus System Message Bus.
         Starting Accounts Service...
         Starting LSB: MD monitoring daemon...
         Starting Virtualbox guest utils...
         Starting Message of the Day...
[[0;32m  OK  [0m] Started Regular background program processing daemon.
[[0;32m  OK  [0m] Started ACPI event daemon.
         Starting Snap Daemon...
         Starting OpenBSD Secure Shell server...
         Starting Login Service...
         Starting LSB: Record successful boot for GRUB...
         Starting System Logging Service...
[[0;32m  OK  [0m] Started /etc/rc.local Compatibility.
[[0;32m  OK  [0m] Started LXD - container startup/shutdown.
[[0;32m  OK  [0m] Started Message of the Day.
[[0;32m  OK  [0m] Started iSCSI initiator daemon (iscsid).
[[0;32m  OK  [0m] Started System Logging Service.
[[0;32m  OK  [0m] Started Login Service.
[[0;32m  OK  [0m] Started Unattended Upgrades Shutdown.
         Starting Login to default iSCSI targets...
         Starting Authenticate and Authorize Users to Run Privileged Tasks...
[[0;32m  OK  [0m] Started LSB: MD monitoring daemon.
[[0;32m  OK  [0m] Started OpenBSD Secure Shell server.
[[0;32m  OK  [0m] Started LSB: Record successful boot for GRUB.
[[0;32m  OK  [0m] Started Login to default iSCSI targets.
[[0;32m  OK  [0m] Reached target Remote File Systems (Pre).
[[0;32m  OK  [0m] Reached target Remote File Systems.
         Starting Permit User Sessions...
         Starting LSB: Set the CPU Frequency Scaling governor to "ondemand"...
         Starting LSB: automatic crash report generation...
         Starting LSB: daemon to balance interrupts for SMP systems...
[[0;32m  OK  [0m] Started Permit User Sessions.
         Starting Terminate Plymouth Boot Screen...
         Starting Hold until boot process finishes up...
[[0;32m  OK  [0m] Started Hold until boot process finishes up.
[[0;32m  OK  [0m] Started Serial Getty on ttyS0.
         Starting Set console scheme...
[[0;32m  OK  [0m] Started Getty on tty1.
[[0;32m  OK  [0m] Reached target Login Prompts.
[[0;32m  OK  [0m] Started Terminate Plymouth Boot Screen.
[[0;32m  OK  [0m] Started Set console scheme.
[[0;32m  OK  [0m] Started Authenticate and Authorize Users to Run Privileged Tasks.
[[0;32m  OK  [0m] Started LSB: Set the CPU Frequency Scaling governor to "ondemand".
[[0;32m  OK  [0m] Started Virtualbox guest utils.
[[0;32m  OK  [0m] Started LSB: daemon to balance interrupts for SMP systems.
[[0;32m  OK  [0m] Started Accounts Service.
[[0;32m  OK  [0m] Started LSB: automatic crash report generation.
[[0;32m  OK  [0m] Started Snap Daemon.
         Starting Wait until snapd is fully seeded...
[[0;32m  OK  [0m] Started Wait until snapd is fully seeded.
         Starting Apply the settings specified in cloud-config...
[[0;32m  OK  [0m] Reached target Multi-User System.
[[0;32m  OK  [0m] Reached target Graphical Interface.
         Starting Update UTMP about System Runlevel Changes...
[[0;32m  OK  [0m] Started Update UTMP about System Runlevel Changes.
[   10.935151] cloud-init[1238]: Cloud-init v. 20.3-2-g371b392c-0ubuntu1~16.04.1 running 'modules:config' at Sat, 22 May 2021 01:15:45 +0000. Up 10.87 seconds.
[[0;32m  OK  [0m] Started Apply the settings specified in cloud-config.
         Starting Execute cloud user/final scripts...
[   11.308772] cloud-init[1252]: Cloud-init v. 20.3-2-g371b392c-0ubuntu1~16.04.1 running 'modules:final' at Sat, 22 May 2021 01:15:45 +0000. Up 11.21 seconds.
[   11.316483] cloud-init[1252]: Cloud-init v. 20.3-2-g371b392c-0ubuntu1~16.04.1 finished at Sat, 22 May 2021 01:15:46 +0000. Datasource DataSourceNoCloud [seed=/dev/sdb][dsmode=net].  Up 11.30 seconds
[[0;32m  OK  [0m] Started Execute cloud user/final scripts.
[[0;32m  OK  [0m] Reached target Cloud-init target.
         Starting Daily apt download activities...
[[0;32m  OK  [0m] Created slice User Slice of vagrant.
         Starting User Manager for UID 1000...
[[0;32m  OK  [0m] Started Session 1 of user vagrant.
[[0;32m  OK  [0m] Started User Manager for UID 1000.

Ubuntu 16.04.7 LTS ubuntu-xenial ttyS0

ubuntu-xenial login: 