[    0.000000] Linux version 4.15.0-130-generic (buildd@lcy01-amd64-018) (gcc version 7.5.0 (Ubuntu 7.5.0-3ubuntu1~18.04)) #134-Ubuntu SMP Tue Jan 5 20:46:26 UTC 2021 (Ubuntu 4.15.0-130.134-generic 4.15.18)
[    0.000000] Command line: BOOT_IMAGE=/boot/vmlinuz-4.15.0-130-generic root=UUID=e77c8bb0-58ed-441d-9af4-3fe3aae1260b ro console=tty1 console=ttyS0
[    0.000000] KERNEL supported cpus:
[    0.000000]   Intel GenuineIntel
[    0.000000]   AMD AuthenticAMD
[    0.000000]   Centaur CentaurHauls
[    0.000000] x86/fpu: Supporting XSAVE feature 0x001: 'x87 floating point registers'
[    0.000000] x86/fpu: Supporting XSAVE feature 0x002: 'SSE registers'
[    0.000000] x86/fpu: Supporting XSAVE feature 0x004: 'AVX registers'
[    0.000000] x86/fpu: xstate_offset[2]:  576, xstate_sizes[2]:  256
[    0.000000] x86/fpu: Enabled xstate features 0x7, context size is 832 bytes, using 'standard' format.
[    0.000000] e820: BIOS-provided physical RAM map:
[    0.000000] BIOS-e820: [mem 0x0000000000000000-0x000000000009fbff] usable
[    0.000000] BIOS-e820: [mem 0x000000000009fc00-0x000000000009ffff] reserved
[    0.000000] BIOS-e820: [mem 0x00000000000f0000-0x00000000000fffff] reserved
[    0.000000] BIOS-e820: [mem 0x0000000000100000-0x00000000bffeffff] usable
[    0.000000] BIOS-e820: [mem 0x00000000bfff0000-0x00000000bfffffff] ACPI data
[    0.000000] BIOS-e820: [mem 0x00000000fec00000-0x00000000fec00fff] reserved
[    0.000000] BIOS-e820: [mem 0x00000000fee00000-0x00000000fee00fff] reserved
[    0.000000] BIOS-e820: [mem 0x00000000fffc0000-0x00000000ffffffff] reserved
[    0.000000] NX (Execute Disable) protection: active
[    0.000000] SMBIOS 2.5 present.
[    0.000000] DMI: innotek GmbH VirtualBox/VirtualBox, BIOS VirtualBox 12/01/2006
[    0.000000] Hypervisor detected: KVM
[    0.000000] e820: last_pfn = 0xbfff0 max_arch_pfn = 0x400000000
[    0.000000] MTRR: Disabled
[    0.000000] x86/PAT: MTRRs disabled, skipping PAT initialization too.
[    0.000000] CPU MTRRs all blank - virtualized system.
[    0.000000] x86/PAT: Configuration [0-7]: WB  WT  UC- UC  WB  WT  UC- UC  
[    0.000000] found SMP MP-table at [mem 0x0009fff0-0x0009ffff]
[    0.000000] Scanning 1 areas for low memory corruption
[    0.000000] RAMDISK: [mem 0x3511b000-0x36884fff]
[    0.000000] ACPI: Early table checksum verification disabled
[    0.000000] ACPI: RSDP 0x00000000000E0000 000024 (v02 VBOX  )
[    0.000000] ACPI: XSDT 0x00000000BFFF0030 00003C (v01 VBOX   VBOXXSDT 00000001 ASL  00000061)
[    0.000000] ACPI: FACP 0x00000000BFFF00F0 0000F4 (v04 VBOX   VBOXFACP 00000001 ASL  00000061)
[    0.000000] ACPI: DSDT 0x00000000BFFF0470 002325 (v02 VBOX   VBOXBIOS 00000002 INTL 20100528)
[    0.000000] ACPI: FACS 0x00000000BFFF0200 000040
[    0.000000] ACPI: FACS 0x00000000BFFF0200 000040
[    0.000000] ACPI: APIC 0x00000000BFFF0240 00005C (v02 VBOX   VBOXAPIC 00000001 ASL  00000061)
[    0.000000] ACPI: SSDT 0x00000000BFFF02A0 0001CC (v01 VBOX   VBOXCPUT 00000002 INTL 20100528)
[    0.000000] No NUMA configuration found
[    0.000000] Faking a node at [mem 0x0000000000000000-0x00000000bffeffff]
[    0.000000] NODE_DATA(0) allocated [mem 0xbffc5000-0xbffeffff]
[    0.000000] kvm-clock: cpu 0, msr 0:bff44001, primary cpu clock
[    0.000000] kvm-clock: Using msrs 4b564d01 and 4b564d00
[    0.000000] kvm-clock: using sched offset of 3546905608 cycles
[    0.000000] clocksource: kvm-clock: mask: 0xffffffffffffffff max_cycles: 0x1cd42e4dffb, max_idle_ns: 881590591483 ns
[    0.000000] Zone ranges:
[    0.000000]   DMA      [mem 0x0000000000001000-0x0000000000ffffff]
[    0.000000]   DMA32    [mem 0x0000000001000000-0x00000000bffeffff]
[    0.000000]   Normal   empty
[    0.000000]   Device   empty
[    0.000000] Movable zone start for each node
[    0.000000] Early memory node ranges
[    0.000000]   node   0: [mem 0x0000000000001000-0x000000000009efff]
[    0.000000]   node   0: [mem 0x0000000000100000-0x00000000bffeffff]
[    0.000000] Reserved but unavailable: 98 pages
[    0.000000] Initmem setup node 0 [mem 0x0000000000001000-0x00000000bffeffff]
[    0.000000] ACPI: PM-Timer IO Port: 0x4008
[    0.000000] IOAPIC[0]: apic_id 2, version 32, address 0xfec00000, GSI 0-23
[    0.000000] ACPI: INT_SRC_OVR (bus 0 bus_irq 0 global_irq 2 dfl dfl)
[    0.000000] ACPI: INT_SRC_OVR (bus 0 bus_irq 9 global_irq 9 low level)
[    0.000000] Using ACPI (MADT) for SMP configuration information
[    0.000000] smpboot: Allowing 2 CPUs, 0 hotplug CPUs
[    0.000000] PM: Registered nosave memory: [mem 0x00000000-0x00000fff]
[    0.000000] PM: Registered nosave memory: [mem 0x0009f000-0x0009ffff]
[    0.000000] PM: Registered nosave memory: [mem 0x000a0000-0x000effff]
[    0.000000] PM: Registered nosave memory: [mem 0x000f0000-0x000fffff]
[    0.000000] e820: [mem 0xc0000000-0xfebfffff] available for PCI devices
[    0.000000] Booting paravirtualized kernel on KVM
[    0.000000] clocksource: refined-jiffies: mask: 0xffffffff max_cycles: 0xffffffff, max_idle_ns: 7645519600211568 ns
[    0.000000] random: get_random_bytes called from start_kernel+0x99/0x500 with crng_init=0
[    0.000000] setup_percpu: NR_CPUS:8192 nr_cpumask_bits:2 nr_cpu_ids:2 nr_node_ids:1
[    0.000000] percpu: Embedded 45 pages/cpu s147456 r8192 d28672 u1048576
[    0.000000] PV qspinlock hash table entries: 256 (order: 0, 4096 bytes)
[    0.000000] Built 1 zonelists, mobility grouping on.  Total pages: 774009
[    0.000000] Policy zone: DMA32
[    0.000000] Kernel command line: BOOT_IMAGE=/boot/vmlinuz-4.15.0-130-generic root=UUID=e77c8bb0-58ed-441d-9af4-3fe3aae1260b ro console=tty1 console=ttyS0
[    0.000000] Memory: 3042652K/3145272K available (12300K kernel code, 2482K rwdata, 4276K rodata, 2440K init, 2724K bss, 102620K reserved, 0K cma-reserved)
[    0.000000] SLUB: HWalign=64, Order=0-3, MinObjects=0, CPUs=2, Nodes=1
[    0.000000] ftrace: allocating 39421 entries in 154 pages
[    0.004000] Hierarchical RCU implementation.
[    0.004000] 	RCU restricting CPUs from NR_CPUS=8192 to nr_cpu_ids=2.
[    0.004000] 	Tasks RCU enabled.
[    0.004000] RCU: Adjusting geometry for rcu_fanout_leaf=16, nr_cpu_ids=2
[    0.004000] NR_IRQS: 524544, nr_irqs: 440, preallocated irqs: 16
[    0.004000] Console: colour VGA+ 80x25
[    0.004000] console [tty1] enabled
[    0.004000] console [ttyS0] enabled
[    0.004000] ACPI: Core revision 20170831
[    0.004000] ACPI: 2 ACPI AML tables successfully acquired and loaded
[    0.004000] APIC: Switch to symmetric I/O mode setup
[    0.004000] x2apic enabled
[    0.004000] Switched APIC routing to physical x2apic.
[    0.004000] ..TIMER: vector=0x30 apic1=0 pin1=2 apic2=-1 pin2=-1
[    0.004006] tsc: Detected 1800.001 MHz processor
[    0.004697] Calibrating delay loop (skipped) preset value.. 3600.00 BogoMIPS (lpj=7200004)
[    0.005163] pid_max: default: 32768 minimum: 301
[    0.005842] Security Framework initialized
[    0.006428] Yama: becoming mindful.
[    0.008023] AppArmor: AppArmor initialized
[    0.012099] Dentry cache hash table entries: 524288 (order: 10, 4194304 bytes)
[    0.016160] Inode-cache hash table entries: 262144 (order: 9, 2097152 bytes)
[    0.017762] Mount-cache hash table entries: 8192 (order: 4, 65536 bytes)
[    0.019423] Mountpoint-cache hash table entries: 8192 (order: 4, 65536 bytes)
[    0.020275] Last level iTLB entries: 4KB 64, 2MB 8, 4MB 8
[    0.021043] Last level dTLB entries: 4KB 64, 2MB 0, 4MB 0, 1GB 4
[    0.021863] Spectre V1 : Mitigation: usercopy/swapgs barriers and __user pointer sanitization
[    0.024005] Spectre V2 : Mitigation: Full generic retpoline
[    0.024768] Spectre V2 : Spectre v2 / SpectreRSB mitigation: Filling RSB on context switch
[    0.025887] Speculative Store Bypass: Vulnerable
[    0.026565] SRBDS: Mitigation: TSX disabled
[    0.027311] Freeing SMP alternatives memory: 36K
[    0.137752] smpboot: CPU0: Intel(R) Core(TM) i5-8265U CPU @ 1.60GHz (family: 0x6, model: 0x8e, stepping: 0xc)
[    0.140000] Performance Events: unsupported p6 CPU model 142 no PMU driver, software events only.
[    0.140079] Hierarchical SRCU implementation.
[    0.141436] NMI watchdog: Perf event create on CPU 0 failed with -2
[    0.142458] NMI watchdog: Perf NMI watchdog permanently disabled
[    0.144088] smp: Bringing up secondary CPUs ...
[    0.148075] x86: Booting SMP configuration:
[    0.148831] .... node  #0, CPUs:      #1
[    0.004000] kvm-clock: cpu 1, msr 0:bff44041, secondary cpu clock
[    0.154016] smp: Brought up 1 node, 2 CPUs
[    0.154016] smpboot: Max logical packages: 1
[    0.154016] smpboot: Total of 2 processors activated (7200.00 BogoMIPS)
[    0.156290] devtmpfs: initialized
[    0.156608] x86/mm: Memory block size: 128MB
[    0.157620] evm: security.selinux
[    0.158165] evm: security.SMACK64
[    0.158817] evm: security.SMACK64EXEC
[    0.160003] evm: security.SMACK64TRANSMUTE
[    0.160853] evm: security.SMACK64MMAP
[    0.161762] evm: security.apparmor
[    0.162367] evm: security.ima
[    0.162919] evm: security.capability
[    0.164125] clocksource: jiffies: mask: 0xffffffff max_cycles: 0xffffffff, max_idle_ns: 7645041785100000 ns
[    0.165781] futex hash table entries: 512 (order: 3, 32768 bytes)
[    0.166792] pinctrl core: initialized pinctrl subsystem
[    0.167643] RTC time: 18:53:27, date: 06/05/21
[    0.168182] NET: Registered protocol family 16
[    0.169111] audit: initializing netlink subsys (disabled)
[    0.170211] audit: type=2000 audit(1622919212.525:1): state=initialized audit_enabled=0 res=1
[    0.172012] cpuidle: using governor ladder
[    0.172604] cpuidle: using governor menu
[    0.173221] ACPI: bus type PCI registered
[    0.173799] acpiphp: ACPI Hot Plug PCI Controller Driver version: 0.5
[    0.174767] PCI: Using configuration type 1 for base access
[    0.176564] HugeTLB registered 2.00 MiB page size, pre-allocated 0 pages
[    0.176954] ACPI: Added _OSI(Module Device)
[    0.176954] ACPI: Added _OSI(Processor Device)
[    0.177413] ACPI: Added _OSI(3.0 _SCP Extensions)
[    0.180006] ACPI: Added _OSI(Processor Aggregator Device)
[    0.180896] ACPI: Added _OSI(Linux-Dell-Video)
[    0.181629] ACPI: Added _OSI(Linux-Lenovo-NV-HDMI-Audio)
[    0.182414] ACPI: Added _OSI(Linux-HPI-Hybrid-Graphics)
[    0.183410] ACPI: Executed 1 blocks of module-level executable AML code
[    0.188149] ACPI: Interpreter enabled
[    0.189130] ACPI: (supports S0 S5)
[    0.189652] ACPI: Using IOAPIC for interrupt routing
[    0.190595] PCI: Using host bridge windows from ACPI; if necessary, use "pci=nocrs" and report a bug
[    0.192000] ACPI: Enabled 2 GPEs in block 00 to 07
[    0.197894] ACPI: PCI Root Bridge [PCI0] (domain 0000 [bus 00-ff])
[    0.198935] acpi PNP0A03:00: _OSC: OS supports [ASPM ClockPM Segments MSI]
[    0.200378] acpi PNP0A03:00: _OSC: not requesting OS control; OS requires [ExtendedConfig ASPM ClockPM MSI]
[    0.202079] acpi PNP0A03:00: fail to add MMCONFIG information, can't access extended PCI configuration space under this bridge.
[    0.204326] PCI host bridge to bus 0000:00
[    0.204910] pci_bus 0000:00: root bus resource [io  0x0000-0x0cf7 window]
[    0.205830] pci_bus 0000:00: root bus resource [io  0x0d00-0xffff window]
[    0.206790] pci_bus 0000:00: root bus resource [mem 0x000a0000-0x000bffff window]
[    0.207908] pci_bus 0000:00: root bus resource [mem 0xc0000000-0xfdffffff window]
[    0.208007] pci_bus 0000:00: root bus resource [bus 00-ff]
[    0.210520] pci 0000:00:01.1: legacy IDE quirk: reg 0x10: [io  0x01f0-0x01f7]
[    0.212008] pci 0000:00:01.1: legacy IDE quirk: reg 0x14: [io  0x03f6]
[    0.213058] pci 0000:00:01.1: legacy IDE quirk: reg 0x18: [io  0x0170-0x0177]
[    0.214205] pci 0000:00:01.1: legacy IDE quirk: reg 0x1c: [io  0x0376]
[    0.272655] pci 0000:00:07.0: quirk: [io  0x4000-0x403f] claimed by PIIX4 ACPI
[    0.273946] pci 0000:00:07.0: quirk: [io  0x4100-0x410f] claimed by PIIX4 SMB
[    0.289614] ACPI: PCI Interrupt Link [LNKA] (IRQs 5 9 10 *11)
[    0.292357] ACPI: PCI Interrupt Link [LNKB] (IRQs 5 9 *10 11)
[    0.293430] ACPI: PCI Interrupt Link [LNKC] (IRQs 5 *9 10 11)
[    0.294469] ACPI: PCI Interrupt Link [LNKD] (IRQs 5 9 10 *11)
[    0.296538] SCSI subsystem initialized
[    0.297727] pci 0000:00:02.0: vgaarb: setting as boot VGA device
[    0.297727] pci 0000:00:02.0: vgaarb: VGA device added: decodes=io+mem,owns=io+mem,locks=none
[    0.298061] pci 0000:00:02.0: vgaarb: bridge control possible
[    0.300008] vgaarb: loaded
[    0.300480] ACPI: bus type USB registered
[    0.301200] usbcore: registered new interface driver usbfs
[    0.302028] usbcore: registered new interface driver hub
[    0.302812] usbcore: registered new device driver usb
[    0.304055] EDAC MC: Ver: 3.0.0
[    0.304831] PCI: Using ACPI for IRQ routing
[    0.305088] NetLabel: Initializing
[    0.305706] NetLabel:  domain hash size = 128
[    0.306485] NetLabel:  protocols = UNLABELED CIPSOv4 CALIPSO
[    0.308020] NetLabel:  unlabeled traffic allowed by default
[    0.309119] clocksource: Switched to clocksource kvm-clock
[    0.329151] VFS: Disk quotas dquot_6.6.0
[    0.329954] VFS: Dquot-cache hash table entries: 512 (order 0, 4096 bytes)
[    0.331205] AppArmor: AppArmor Filesystem Enabled
[    0.331966] pnp: PnP ACPI init
[    0.333805] pnp: PnP ACPI: found 3 devices
[    0.344891] clocksource: acpi_pm: mask: 0xffffff max_cycles: 0xffffff, max_idle_ns: 2085701024 ns
[    0.346462] NET: Registered protocol family 2
[    0.347480] TCP established hash table entries: 32768 (order: 6, 262144 bytes)
[    0.349115] TCP bind hash table entries: 32768 (order: 7, 524288 bytes)
[    0.350108] TCP: Hash tables configured (established 32768 bind 32768)
[    0.351121] UDP hash table entries: 2048 (order: 4, 65536 bytes)
[    0.352206] UDP-Lite hash table entries: 2048 (order: 4, 65536 bytes)
[    0.353203] NET: Registered protocol family 1
[    0.353849] pci 0000:00:00.0: Limiting direct PCI/PCI transfers
[    0.354723] pci 0000:00:01.0: Activating ISA DMA hang workarounds
[    0.355629] pci 0000:00:02.0: Video device with shadowed ROM at [mem 0x000c0000-0x000dffff]
[    0.357066] Unpacking initramfs...
[    0.742187] Freeing initrd memory: 23976K
[    0.743134] clocksource: tsc: mask: 0xffffffffffffffff max_cycles: 0x19f22aa45f0, max_idle_ns: 440795269146 ns
[    0.745391] platform rtc_cmos: registered platform RTC device (no PNP device found)
[    0.746521] Scanning for low memory corruption every 60 seconds
[    0.748247] Initialise system trusted keyrings
[    0.749119] Key type blacklist registered
[    0.749932] workingset: timestamp_bits=36 max_order=20 bucket_order=0
[    0.751698] zbud: loaded
[    0.753036] squashfs: version 4.0 (2009/01/31) Phillip Lougher
[    0.754372] fuse init (API version 7.26)
[    0.757719] Key type asymmetric registered
[    0.758419] Asymmetric key parser 'x509' registered
[    0.759313] Block layer SCSI generic (bsg) driver version 0.4 loaded (major 246)
[    0.760908] io scheduler noop registered
[    0.761661] io scheduler deadline registered
[    0.762748] io scheduler cfq registered (default)
[    0.763916] ACPI: AC Adapter [AC] (on-line)
[    0.764791] input: Power Button as /devices/LNXSYSTM:00/LNXPWRBN:00/input/input0
[    0.766230] ACPI: Power Button [PWRF]
[    0.766876] input: Sleep Button as /devices/LNXSYSTM:00/LNXSLPBN:00/input/input1
[    0.767928] ACPI: Sleep Button [SLPF]
[    0.769437] ACPI: Battery Slot [BAT0] (battery present)
[    0.770301] Serial: 8250/16550 driver, 32 ports, IRQ sharing enabled
[    0.791909] 00:02: ttyS0 at I/O 0x3f8 (irq = 4, base_baud = 115200) is a 16550A
[    0.797291] Linux agpgart interface v0.103
[    0.799210] loop: module loaded
[    0.800117] scsi host0: ata_piix
[    0.800705] scsi host1: ata_piix
[    0.801208] ata1: PATA max UDMA/33 cmd 0x1f0 ctl 0x3f6 bmdma 0xd000 irq 14
[    0.802161] ata2: PATA max UDMA/33 cmd 0x170 ctl 0x376 bmdma 0xd008 irq 15
[    0.803181] libphy: Fixed MDIO Bus: probed
[    0.803788] tun: Universal TUN/TAP device driver, 1.6
[    0.804692] PPP generic driver version 2.4.2
[    0.805414] ehci_hcd: USB 2.0 'Enhanced' Host Controller (EHCI) Driver
[    0.806401] ehci-pci: EHCI PCI platform driver
[    0.807057] ehci-platform: EHCI generic platform driver
[    0.807816] ohci_hcd: USB 1.1 'Open' Host Controller (OHCI) Driver
[    0.808751] ohci-pci: OHCI PCI platform driver
[    0.809414] ohci-platform: OHCI generic platform driver
[    0.810259] uhci_hcd: USB Universal Host Controller Interface driver
[    0.811416] i8042: PNP: PS/2 Controller [PNP0303:PS2K,PNP0f03:PS2M] at 0x60,0x64 irq 1,12
[    0.813156] serio: i8042 KBD port at 0x60,0x64 irq 1
[    0.813906] serio: i8042 AUX port at 0x60,0x64 irq 12
[    0.814929] mousedev: PS/2 mouse device common for all mice
[    0.816640] input: AT Translated Set 2 keyboard as /devices/platform/i8042/serio0/input/input2
[    0.818114] rtc_cmos rtc_cmos: rtc core: registered rtc_cmos as rtc0
[    0.819058] rtc_cmos rtc_cmos: alarms up to one day, 114 bytes nvram
[    0.819973] i2c /dev entries driver
[    0.820643] device-mapper: uevent: version 1.0.3
[    0.821571] device-mapper: ioctl: 4.37.0-ioctl (2017-09-20) initialised: dm-devel@redhat.com
[    0.822794] ledtrig-cpu: registered to indicate activity on CPUs
[    0.824882] NET: Registered protocol family 10
[    0.830321] Segment Routing with IPv6
[    0.830986] NET: Registered protocol family 17
[    0.831763] Key type dns_resolver registered
[    0.832938] mce: Using 0 MCE banks
[    0.833509] RAS: Correctable Errors collector initialized.
[    0.834554] sched_clock: Marking stable (832914882, 0)->(1019488597, -186573715)
[    0.836625] registered taskstats version 1
[    0.837350] Loading compiled-in X.509 certificates
[    0.840439] Loaded X.509 cert 'Build time autogenerated kernel key: c1c8ea2cd851660a7b5f89f76ba0bd3ce6817142'
[    0.842320] zswap: loaded using pool lzo/zbud
[    0.847353] Key type big_key registered
[    0.848493] Key type trusted registered
[    0.850764] Key type encrypted registered
[    0.851356] AppArmor: AppArmor sha1 policy hashing enabled
[    0.852121] ima: No TPM chip found, activating TPM-bypass! (rc=-19)
[    0.853039] ima: Allocated hash algorithm: sha1
[    0.853710] evm: HMAC attrs: 0x1
[    0.854418]   Magic number: 9:623:897
[    0.855349] rtc_cmos rtc_cmos: setting system clock to 2021-06-05 18:53:28 UTC (1622919208)
[    0.856627] BIOS EDD facility v0.16 2004-Jun-25, 0 devices found
[    0.857691] EDD information not available.
[    0.987766] Freeing unused kernel image memory: 2440K
[    1.000171] Write protecting the kernel read-only data: 20480k
[    1.001912] Freeing unused kernel image memory: 2008K
[    1.003116] Freeing unused kernel image memory: 1868K
[    1.011076] x86/mm: Checked W+X mappings: passed, no W+X pages found.
Loading, please wait...
starting version 237
[    1.066539] e1000: Intel(R) PRO/1000 Network Driver - version 7.3.21-k8-NAPI
[    1.068460] e1000: Copyright (c) 1999-2006 Intel Corporation.
[    1.073547] Fusion MPT base driver 3.04.20
[    1.074341] Copyright (c) 1999-2008 LSI Corporation
[    1.079839] Fusion MPT SPI Host driver 3.04.20
[    1.091607] AVX2 version of gcm_enc/dec engaged.
[    1.092597] AES CTR mode by8 optimization enabled
[    1.281369] input: ImExPS/2 Generic Explorer Mouse as /devices/platform/i8042/serio1/input/input4
[    1.458566] e1000 0000:00:03.0 eth0: (PCI:33MHz:32-bit) 02:d3:a8:fb:02:de
[    1.459904] e1000 0000:00:03.0 eth0: Intel(R) PRO/1000 Network Connection
[    1.462228] mptbase: ioc0: Initiating bringup
[    1.462812] e1000 0000:00:03.0 enp0s3: renamed from eth0
[    1.564585] ioc0: LSI53C1030 A0: Capabilities={Initiator}
[    1.820482] scsi host2: ioc0: LSI53C1030 A0, FwRev=00000000h, Ports=1, MaxQ=256, IRQ=20
[    1.988617] scsi 2:0:0:0: Direct-Access     VBOX     HARDDISK         1.0  PQ: 0 ANSI: 5
[    2.028324] scsi target2:0:0: Beginning Domain Validation
[    2.031062] scsi target2:0:0: Domain Validation skipping write tests
[    2.031955] scsi target2:0:0: Ending Domain Validation
[    2.032770] scsi target2:0:0: asynchronous
[    2.033604] scsi 2:0:1:0: Direct-Access     VBOX     HARDDISK         1.0  PQ: 0 ANSI: 5
[    2.276111] scsi target2:0:1: Beginning Domain Validation
[    2.284884] random: fast init done
[    2.288344] scsi target2:0:1: Domain Validation skipping write tests
[    2.292022] scsi target2:0:1: Ending Domain Validation
[    2.294356] scsi target2:0:1: asynchronous
[    2.299368] sd 2:0:0:0: Attached scsi generic sg0 type 0
[    2.299639] random: systemd-udevd: uninitialized urandom read (16 bytes read)
[    2.300391] sd 2:0:1:0: Attached scsi generic sg1 type 0
[    2.301254] random: systemd-udevd: uninitialized urandom read (16 bytes read)
[    2.303231] random: systemd-udevd: uninitialized urandom read (16 bytes read)
[    2.304332] sd 2:0:0:0: [sda] 83886080 512-byte logical blocks: (42.9 GB/40.0 GiB)
[    2.305477] sd 2:0:1:0: [sdb] 20480 512-byte logical blocks: (10.5 MB/10.0 MiB)
[    2.306499] sd 2:0:0:0: [sda] Write Protect is off
[    2.307221] sd 2:0:1:0: [sdb] Write Protect is off
[    2.308022] sd 2:0:0:0: [sda] Incomplete mode parameter data
[    2.308883] sd 2:0:0:0: [sda] Assuming drive cache: write through
[    2.309969] sd 2:0:1:0: [sdb] Incomplete mode parameter data
[    2.310746] sd 2:0:1:0: [sdb] Assuming drive cache: write through
[    2.313109]  sda: sda1
[    2.314167] sd 2:0:0:0: [sda] Attached SCSI disk
[    2.315767] sd 2:0:1:0: [sdb] Attached SCSI disk
Begin: Loading essential drivers ... [    3.732040] raid6: sse2x1   gen() 12011 MB/s
[    3.780113] raid6: sse2x1   xor()  7194 MB/s
[    3.828059] raid6: sse2x2   gen() 14438 MB/s
[    3.876108] raid6: sse2x2   xor()  9512 MB/s
[    3.924102] raid6: sse2x4   gen() 15325 MB/s
[    3.972137] raid6: sse2x4   xor()  9148 MB/s
[    4.020021] raid6: avx2x1   gen() 22723 MB/s
[    4.068109] raid6: avx2x1   xor() 13994 MB/s
[    4.116110] raid6: avx2x2   gen() 27067 MB/s
[    4.164114] raid6: avx2x2   xor() 18330 MB/s
[    4.212124] raid6: avx2x4   gen() 24744 MB/s
[    4.260265] raid6: avx2x4   xor() 14709 MB/s
[    4.265901] raid6: using algorithm avx2x2 gen() 27067 MB/s
[    4.266663] raid6: .... xor() 18330 MB/s, rmw enabled
[    4.267373] raid6: using avx2x2 recovery algorithm
[    4.269206] xor: automatically using best checksumming function   avx       
[    4.271209] async_tx: api initialized (async)
done.
Begin: Running /scripts/init-premount ... done.
Begin: Mounting root file system ... Begin: Running /scripts/local-top ... done.
Begin: Running /scripts/local-premount ... [    4.313181] Btrfs loaded, crc32c=crc32c-intel
Scanning for Btrfs filesystems
done.
Begin: Will now check root file system ... fsck from util-linux 2.31.1
[/sbin/fsck.ext4 (1) -- /dev/sda1] fsck.ext4 -a -C0 /dev/sda1 
cloudimg-rootfs: recovering journal
cloudimg-rootfs: Clearing orphaned inode 1280448 (uid=1000, gid=1000, mode=0100664, size=3895)
cloudimg-rootfs: Clearing orphaned inode 1280434 (uid=1000, gid=1000, mode=0100664, size=3895)
cloudimg-rootfs: Clearing orphaned inode 1280432 (uid=1000, gid=1000, mode=0100664, size=3895)
cloudimg-rootfs: Clearing orphaned inode 1280799 (uid=1000, gid=1000, mode=0100664, size=3895)
cloudimg-rootfs: Clearing orphaned inode 63247 (uid=1000, gid=1000, mode=0100600, size=262144)
cloudimg-rootfs: Clearing orphaned inode 788485 (uid=125, gid=129, mode=0100600, size=262144)
cloudimg-rootfs: clean, 178986/5120000 files, 1494556/10485499 blocks
done.
[    4.494971] EXT4-fs (sda1): mounted filesystem with ordered data mode. Opts: (null)
done.
Begin: Running /scripts/local-bottom ... done.
Begin: Running /scripts/init-bottom ... done.
[    4.641246] ip_tables: (C) 2000-2006 Netfilter Core Team
[    4.647781] systemd[1]: systemd 237 running in system mode. (+PAM +AUDIT +SELINUX +IMA +APPARMOR +SMACK +SYSVINIT +UTMP +LIBCRYPTSETUP +GCRYPT +GNUTLS +ACL +XZ +LZ4 +SECCOMP +BLKID +ELFUTILS +KMOD -IDN2 +IDN -PCRE2 default-hierarchy=hybrid)
[    4.650679] systemd[1]: Detected virtualization oracle.
[    4.651429] systemd[1]: Detected architecture x86-64.

Welcome to [1mUbuntu 18.04.5 LTS[0m!

[    4.656401] systemd[1]: Set hostname to <ubuntu-bionic>.
[    4.910700] systemd[1]: Set up automount Arbitrary Executable File Formats File System Automount Point.
[[0;32m  OK  [0m] Set up automount Arbitrary Executab…rmats File System Automount Point.
[    4.913354] systemd[1]: Started Forward Password Requests to Wall Directory Watch.
[[0;32m  OK  [0m] Started Forward Password Requests to Wall Directory Watch.
[    4.916991] systemd[1]: Created slice User and Session Slice.
[[0;32m  OK  [0m] Created slice User and Session Slice.
[    4.918650] systemd[1]: Reached target System Time Synchronized.
[[0;32m  OK  [0m] Reached target System Time Synchronized.
[    4.920273] systemd[1]: Reached target Swap.
[[0;32m  OK  [0m] Reached target Swap.
[    4.921424] systemd[1]: Reached target User and Group Name Lookups.
[[0;32m  OK  [0m] Reached target User and Group Name Lookups.
[[0;32m  OK  [0m] Created slice System Slice.
[[0;32m  OK  [0m] Reached target Slices.
[[0;32m  OK  [0m] Listening on Journal Socket (/dev/log).
[[0;32m  OK  [0m] Listening on Network Service Netlink Socket.
[[0;32m  OK  [0m] Created slice system-serial\x2dgetty.slice.
[[0;32m  OK  [0m] Listening on LVM2 poll daemon socket.
[[0;32m  OK  [0m] Listening on LVM2 metadata daemon socket.
[[0;32m  OK  [0m] Listening on Journal Audit Socket.
[[0;32m  OK  [0m] Listening on udev Kernel Socket.
[[0;32m  OK  [0m] Listening on Device-mapper event daemon FIFOs.
[[0;32m  OK  [0m] Listening on /dev/initctl Compatibility Named Pipe.
[[0;32m  OK  [0m] Listening on Syslog Socket.
[[0;32m  OK  [0m] Listening on udev Control Socket.
[[0;32m  OK  [0m] Listening on Journal Socket.
         Starting Monitoring of LVM2 mirrors…ng dmeventd or progress polling...
         Starting udev Coldplug all Devices...
         Mounting Huge Pages File System...
         Starting Create list of required st…ce nodes for the current kernel...
         Mounting POSIX Message Queue File System...
         Starting Journal Service...
         Mounting Kernel Debug File System...
         Starting Uncomplicated firewall...
         Starting Remount Root and Kernel File Systems...
         Starting Set the console keyboard layout...
         Starting Load Kernel Modules...
[[0;32m  OK  [0m] Started Journal Service.
[[0;32m  OK  [0m] Mounted Huge Pages File System.
[[0;32m  OK  [0m] Started Create list of required sta…vice nodes for the current kernel.
[[0;32m  OK  [0m] Mounted POSIX Message Queue File System.
[[0;32m  OK  [0m] Mounted Kernel Debug File System.
[[0;32m  OK  [0m] Started LVM2 metadata daemon.
         Starting Create Static Device Nodes in /dev...
[[0;32m  OK  [0m] Started Uncomplicated firewall.
[    5.063976] EXT4-fs (sda1): re-mounted. Opts: (null)
[[0;32m  OK  [0m] Started Remount Root and Kernel File Systems.
         Starting Load/Save Random Seed...
         Starting Flush Journal to Persistent Storage...
[[0;32m  OK  [0m] Started udev Coldplug all Devices.
[[0;32m  OK  [0m] Started Create Static Device Nodes in /dev.
[[0;32m  OK  [0m] Started Load/Save Random Seed.
[    5.152093] lp: driver loaded but no devices found
[[0;32m  OK  [0m] Started Monitoring of LVM2 mirrors,…sing dmeventd or progress polling.
         Starting udev Kernel Device Manager...
[    5.163556] ppdev: user-space parallel port driver
[    5.168532] systemd-journald[426]: Received request to flush runtime journal from PID 1
[    5.171980] Loading iSCSI transport class v2.0-870.
[    5.177836] iscsi: registered transport (tcp)
[    5.194945] iscsi: registered transport (iser)
[[0;32m  OK  [0m] Started Load Kernel Modules.
         Mounting Kernel Configuration File System...
         Mounting FUSE Control File System...
         Starting Apply Kernel Variables...
[[0;32m  OK  [0m] Mounted Kernel Configuration File System.
[[0;32m  OK  [0m] Mounted FUSE Control File System.
[[0;32m  OK  [0m] Started udev Kernel Device Manager.
[[0;32m  OK  [0m] Started Apply Kernel Variables.
[[0;32m  OK  [0m] Started Set the console keyboard layout.
[[0;32m  OK  [0m] Started Flush Journal to Persistent Storage.
[[0;32m  OK  [0m] Reached target Local File Systems (Pre).
         Mounting /app...
         Mounting /vagrant...
[[0;32m  OK  [0m] Reached target Local File Systems.
         Starting AppArmor initialization...
         Starting Tell Plymouth To Write Out Runtime Data...
         Starting Clean up any mess left by 0dns-up...
         Starting Set console font and keymap...
         Starting Create Volatile Files and Directories...
         Starting ebtables ruleset management...
[[0;32m  OK  [0m] Started Dispatch Password Requests to Console Directory Watch.
[[0;32m  OK  [0m] Reached target Local Encrypted Volumes.
[[0;32m  OK  [0m] Mounted /app.
[[0;32m  OK  [0m] Mounted /vagrant.
[[0;32m  OK  [0m] Started Tell Plymouth To Write Out Runtime Data.
[[0;32m  OK  [0m] Started Set console font and keymap.
[[0;32m  OK  [0m] Started Create Volatile Files and Directories.
         Starting Update UTMP about System Boot/Shutdown...
[[0;32m  OK  [0m] Started Update UTMP about System Boot/Shutdown.
[[0;32m  OK  [0m] Started ebtables ruleset management.
[[0;32m  OK  [0m] Found device /dev/ttyS0.
[[0;32m  OK  [0m] Started Clean up any mess left by 0dns-up.
[[0;32m  OK  [0m] Listening on Load/Save RF Kill Switch Status /dev/rfkill Watch.
[[0;32m  OK  [0m] Started AppArmor initialization.
         Starting Load AppArmor profiles managed internally by snapd...
         Starting Initial cloud-init job (pre-networking)...
[[0;32m  OK  [0m] Started Load AppArmor profiles managed internally by snapd.
[    6.866328] cloud-init[617]: Cloud-init v. 21.1-19-gbad84ad4-0ubuntu1~18.04.2 running 'init-local' at Sat, 05 Jun 2021 18:53:34 +0000. Up 6.72 seconds.
[[0;32m  OK  [0m] Started Initial cloud-init job (pre-networking).
[[0;32m  OK  [0m] Reached target Network (Pre).
         Starting Raise network interfaces...
         Starting Network Service...
[[0;32m  OK  [0m] Started Network Service.
         Starting Wait for Network to be Configured...
         Starting Network Name Resolution...
[[0;32m  OK  [0m] Started Raise network interfaces.
[[0;32m  OK  [0m] Started Network Name Resolution.
[[0;32m  OK  [0m] Reached target Host and Network Name Lookups.
[[0;32m  OK  [0m] Started Wait for Network to be Configured.
         Starting Initial cloud-init job (metadata service crawler)...
[    9.182889] cloud-init[798]: Cloud-init v. 21.1-19-gbad84ad4-0ubuntu1~18.04.2 running 'init' at Sat, 05 Jun 2021 18:53:36 +0000. Up 9.07 seconds.
[    9.184784] cloud-init[798]: ci-info: +++++++++++++++++++++++++++++++++++++Net device info++++++++++++++++++++++++++++++++++++++
[    9.186355] cloud-init[798]: ci-info: +--------+------+---------------------------+---------------+--------+-------------------+
[    9.187775] cloud-init[798]: ci-info: | Device |  Up  |          Address          |      Mask     | Scope  |     Hw-Address    |
[    9.190129] cloud-init[798]: ci-info: +--------+------+---------------------------+---------------+--------+-------------------+
[    9.191732] cloud-init[798]: ci-info: | enp0s3 | True |         10.0.2.15         | 255.255.255.0 | global | 02:d3:a8:fb:02:de |
[    9.204339] cloud-init[798]: ci-info: | enp0s3 | True | fe80::d3:a8ff:fefb:2de/64 |       .       |  link  | 02:d3:a8:fb:02:de |
[    9.205393] cloud-init[798]: ci-info: |   lo   | True |         127.0.0.1         |   255.0.0.0   |  host  |         .         |
[    9.206310] cloud-init[798]: ci-info: |   lo   | True |          ::1/128          |       .       |  host  |         .         |
[    9.207549] cloud-init[798]: ci-info: +--------+------+---------------------------+---------------+--------+-------------------+
[    9.208790] cloud-init[798]: ci-info: ++++++++++++++++++++++++++++Route IPv4 info+++++++++++++++++++++++++++++
[    9.209838] cloud-init[798]: ci-info: +-------+-------------+----------+-----------------+-----------+-------+
[    9.212060] cloud-init[798]: ci-info: | Route | Destination | Gateway  |     Genmask     | Interface | Flags |
[    9.213028] cloud-init[798]: ci-info: +-------+-------------+----------+-----------------+-----------+-------+
[    9.214579] cloud-init[798]: ci-info: |   0   |   0.0.0.0   | 10.0.2.2 |     0.0.0.0     |   enp0s3  |   UG  |
[    9.215707] cloud-init[798]: ci-info: |   1   |   10.0.2.0  | 0.0.0.0  |  255.255.255.0  |   enp0s3  |   U   |
[    9.216654] cloud-init[798]: ci-info: |   2   |   10.0.2.2  | 0.0.0.0  | 255.255.255.255 |   enp0s3  |   UH  |
[    9.217736] cloud-init[798]: ci-info: +-------+-------------+----------+-----------------+-----------+-------+
[    9.218549] cloud-init[798]: ci-info: +++++++++++++++++++Route IPv6 info+++++++++++++++++++
[    9.219307] cloud-init[798]: ci-info: +-------+-------------+---------+-----------+-------+
[    9.220334] cloud-init[798]: ci-info: | Route | Destination | Gateway | Interface | Flags |
[    9.232512] cloud-init[798]: ci-info: +-------+-------------+---------+-----------+-------+
[    9.233318] cloud-init[798]: ci-info: |   1   |  fe80::/64  |    ::   |   enp0s3  |   U   |
[    9.234231] cloud-init[798]: ci-info: |   3   |    local    |    ::   |   enp0s3  |   U   |
[    9.235115] cloud-init[798]: ci-info: |   4   |   ff00::/8  |    ::   |   enp0s3  |   U   |
[    9.235964] cloud-init[798]: ci-info: +-------+-------------+---------+-----------+-------+
[[0;32m  OK  [0m] Started Initial cloud-init job (metadata service crawler).
[[0;32m  OK  [0m] Reached target Cloud-config availability.
[[0;32m  OK  [0m] Reached target System Initialization.
[[0;32m  OK  [0m] Listening on CUPS Scheduler.
[[0;32m  OK  [0m] Listening on UUID daemon activation socket.
[[0;32m  OK  [0m] Listening on ACPID Listen Socket.
[[0;32m  OK  [0m] Started ACPI Events Check.
         Starting Socket activation for snappy daemon.
[[0;32m  OK  [0m] Started Discard unused blocks once a week.
[[0;32m  OK  [0m] Started Daily Cleanup of Temporary Directories.
[[0;32m  OK  [0m] Listening on Open-iSCSI iscsid Socket.
[[0;32m  OK  [0m] Started Trigger anacron every hour.
[[0;32m  OK  [0m] Listening on Avahi mDNS/DNS-SD Stack Activation Socket.
[[0;32m  OK  [0m] Started Message of the Day.
[[0;32m  OK  [0m] Started Daily apt download activities.
[[0;32m  OK  [0m] Started Daily apt upgrade and clean activities.
[[0;32m  OK  [0m] Listening on D-Bus System Message Bus Socket.
[[0;32m  OK  [0m] Reached target Timers.
         Starting LXD - unix socket.
[[0;32m  OK  [0m] Started CUPS Scheduler.
[[0;32m  OK  [0m] Reached target Paths.
[[0;32m  OK  [0m] Listening on Socket activation for snappy daemon.
[[0;32m  OK  [0m] Listening on LXD - unix socket.
[[0;32m  OK  [0m] Reached target Sockets.
[[0;32m  OK  [0m] Reached target Basic System.
[[0;32m  OK  [0m] Started irqbalance daemon.
         Starting Disk Manager...
[[0;32m  OK  [0m] Started Regular background program processing daemon.
[[0;32m  OK  [0m] Started Run anacron jobs.
         Starting Accounts Service...
         Starting System Logging Service...
         Starting Dispatcher daemon for systemd-networkd...
[[0;32m  OK  [0m] Started Deferred execution scheduler.
[[0;32m  OK  [0m] Started D-Bus System Message Bus.
         Starting Modem Manager...
[[0;32m  OK  [0m] Started CUPS Scheduler.
         Starting Detect the available GPUs and deal with any system changes...
[[0;32m  OK  [0m] Started ACPI event daemon.
         Starting Avahi mDNS/DNS-SD Stack...
         Starting Login Service...
         Starting Network Manager...
         Starting Restore /etc/resolv.conf i…fore the ppp link was shut down...
         Starting WPA supplicant...
[[0;32m  OK  [0m] Started FUSE filesystem for LXC.
         Starting Virtualbox guest utils...
         Starting LSB: Record successful boot for GRUB...
         Starting LXD - container startup/shutdown...
         Starting Snap Daemon...
[[0;32m  OK  [0m] Started System Logging Service.
[[0;32m  OK  [0m] Started Detect the available GPUs and deal with any system changes.
[[0;32m  OK  [0m] Started Restore /etc/resolv.conf if…before the ppp link was shut down.
[[0;32m  OK  [0m] Started Avahi mDNS/DNS-SD Stack.
[[0;32m  OK  [0m] Started WPA supplicant.
[[0;32m  OK  [0m] Started Login Service.
[[0;32m  OK  [0m] Started Make remote CUPS printers available locally.
         Starting Authorization Manager...
[[0;32m  OK  [0m] Started Dispatcher daemon for systemd-networkd.
[[0;32m  OK  [0m] Started Authorization Manager.
[[0;32m  OK  [0m] Started Accounts Service.
         Starting Hostname Service...
[[0;32m  OK  [0m] Started LSB: Record successful boot for GRUB.
[[0;32m  OK  [0m] Started Disk Manager.
[[0;32m  OK  [0m] Started LXD - container startup/shutdown.
[[0;32m  OK  [0m] Started Virtualbox guest utils.
[[0;32m  OK  [0m] Started Modem Manager.
[[0;32m  OK  [0m] Started Hostname Service.
[[0;32m  OK  [0m] Started Network Manager.
         Starting Network Manager Script Dispatcher Service...
         Starting Network Manager Wait Online...
[[0;32m  OK  [0m] Reached target Network.
[[0;32m  OK  [0m] Started Unattended Upgrades Shutdown.
[[0;32m  OK  [0m] Started Network Manager Script Dispatcher Service.
[[0;32m  OK  [0m] Started Network Manager Wait Online.
[[0;32m  OK  [0m] Reached target Network is Online.
[[0;32m  OK  [0m] Started crash report submission daemon.
         Starting OpenBSD Secure Shell server...
[[0;32m  OK  [0m] Reached target Remote File Systems (Pre).
[[0;32m  OK  [0m] Reached target Remote File Systems.
         Starting LSB: Speech Dispatcher...
         Starting LSB: automatic crash report generation...
         Starting Tool to automatically coll… submit kernel crash signatures...
         Starting Permit User Sessions...
         Starting Availability of block devices...
[[0;32m  OK  [0m] Started OpenBSD Secure Shell server.
[[0;32m  OK  [0m] Started Tool to automatically colle…nd submit kernel crash signatures.
[[0;32m  OK  [0m] Started Permit User Sessions.
[[0;32m  OK  [0m] Started Snap Daemon.
[[0;32m  OK  [0m] Started LSB: Speech Dispatcher.
[[0;32m  OK  [0m] Started Availability of block devices.
         Starting Wait until snapd is fully seeded...
         Starting Hold until boot process finishes up...
         Starting GNOME Display Manager...
[[0;32m  OK  [0m] Started Hold until boot process finishes up.
[[0;32m  OK  [0m] Started LSB: automatic crash report generation.
[[0;32m  OK  [0m] Started Serial Getty on ttyS0.
[[0;32m  OK  [0m] Reached target Login Prompts.
         Starting Set console scheme...
[[0;32m  OK  [0m] Started Wait until snapd is fully seeded.
         Starting Apply the settings specified in cloud-config...
[[0;32m  OK  [0m] Reached target Multi-User System.
[[0;32m  OK  [0m] Started Set console scheme.
[[0;32m  OK  [0m] Created slice system-getty.slice.
[[0;32m  OK  [0m] Started GNOME Display Manager.
[[0;32m  OK  [0m] Reached target Graphical Interface.
         Starting Update UTMP about System Runlevel Changes...
[[0;32m  OK  [0m] Started Update UTMP about System Runlevel Changes.
[[0;32m  OK  [0m] Created slice User Slice of gdm.
         Starting User Manager for UID 125...
[[0;32m  OK  [0m] Started Session c1 of user gdm.
[[0;32m  OK  [0m] Started User Manager for UID 125.
[   11.537538] cloud-init[1483]: Cloud-init v. 21.1-19-gbad84ad4-0ubuntu1~18.04.2 running 'modules:config' at Sat, 05 Jun 2021 18:53:39 +0000. Up 11.44 seconds.
         Starting Daemon for power management...
[[0;32m  OK  [0m] Started Daemon for power management.
[[0;32m  OK  [0m] Started Apply the settings specified in cloud-config.
         Starting Execute cloud user/final scripts...
         Stopping User Manager for UID 125...
[[0;32m  OK  [0m] Stopped User Manager for UID 125.
[[0;32m  OK  [0m] Removed slice User Slice of gdm.
[[0;32m  OK  [0m] Created slice user-125.slice.
         Starting User Manager for UID 125...
[[0;32m  OK  [0m] Started Session c2 of user gdm.
[[0;32m  OK  [0m] Started User Manager for UID 125.
[   12.238645] cloud-init[1582]: Cloud-init v. 21.1-19-gbad84ad4-0ubuntu1~18.04.2 running 'modules:final' at Sat, 05 Jun 2021 18:53:39 +0000. Up 12.11 seconds.
[   12.248196] cloud-init[1582]: Cloud-init v. 21.1-19-gbad84ad4-0ubuntu1~18.04.2 finished at Sat, 05 Jun 2021 18:53:39 +0000. Datasource DataSourceNoCloud [seed=/dev/sdb][dsmode=net].  Up 12.23 seconds
[[0;32m  OK  [0m] Created slice User Slice of vagrant.
         Starting User Manager for UID 1000...
[[0;32m  OK  [0m] Started Session 3 of user vagrant.
[[0;32m  OK  [0m] Started Execute cloud user/final scripts.
[[0;32m  OK  [0m] Reached target Cloud-init target.
[[0;32m  OK  [0m] Started User Manager for UID 1000.

Ubuntu 18.04.5 LTS ubuntu-bionic ttyS0

ubuntu-bionic login: 